<?xml version="1.0" encoding="UTF-8"?>
<testng-results skipped="0" failed="0" ignored="0" total="1" passed="1">
  <reporter-output>
  </reporter-output>
  <suite name="Suite" duration-ms="39027" started-at="2019-10-02T22:21:44 IST" finished-at="2019-10-02T22:22:23 IST">
    <groups>
    </groups>
    <test name="Test" duration-ms="39027" started-at="2019-10-02T22:21:44 IST" finished-at="2019-10-02T22:22:23 IST">
      <class name="testcasesnew.Tc001_LoginSetcPage">
        <test-method status="PASS" signature="setData()[pri:0, instance:testcasesnew.Tc001_LoginSetcPage@10bbd20a]" name="setData" is-config="true" duration-ms="16" started-at="2019-10-02T22:21:44 IST" finished-at="2019-10-02T22:21:44 IST">
          <reporter-output>
          </reporter-output>
        </test-method> <!-- setData -->
        <test-method status="PASS" signature="startApp1(java.lang.String)[pri:0, instance:testcasesnew.Tc001_LoginSetcPage@10bbd20a]" name="startApp1" is-config="true" duration-ms="17154" started-at="2019-10-02T22:21:46 IST" finished-at="2019-10-02T22:22:03 IST">
          <params>
            <param index="0">
              <value>
                <![CDATA[https://www.tnstc.in/TNSTCOnline/]]>
              </value>
            </param>
          </params>
          <reporter-output>
          </reporter-output>
        </test-method> <!-- startApp1 -->
        <test-method status="PASS" signature="setcTestCase(java.lang.String, java.lang.String, java.lang.String, java.lang.String)[pri:0, instance:testcasesnew.Tc001_LoginSetcPage@10bbd20a]" name="setcTestCase" duration-ms="17888" started-at="2019-10-02T22:22:03 IST" data-provider="fetchData" finished-at="2019-10-02T22:22:21 IST">
          <params>
            <param index="0">
              <value>
                <![CDATA[demosalesmanager]]>
              </value>
            </param>
            <param index="1">
              <value>
                <![CDATA[crmsfa]]>
              </value>
            </param>
            <param index="2">
              <value>
                <![CDATA[CHENNAI CMBT]]>
              </value>
            </param>
            <param index="3">
              <value>
                <![CDATA[MADURAI]]>
              </value>
            </param>
          </params>
          <reporter-output>
          </reporter-output>
        </test-method> <!-- setcTestCase -->
        <test-method status="PASS" signature="afterMethod()[pri:0, instance:testcasesnew.Tc001_LoginSetcPage@10bbd20a]" name="afterMethod" is-config="true" duration-ms="2142" started-at="2019-10-02T22:22:21 IST" finished-at="2019-10-02T22:22:23 IST">
          <reporter-output>
          </reporter-output>
        </test-method> <!-- afterMethod -->
      </class> <!-- testcasesnew.Tc001_LoginSetcPage -->
    </test> <!-- Test -->
  </suite> <!-- Suite -->
</testng-results>
